<?xml version='1.0' encoding='UTF-8'?>
<testsuite hostname="LAPTOP-1GSOLN8I" name="controllers.ControllerSpec" tests="1" errors="0" failures="0" skipped="0" time="0.06" timestamp="2022-01-31T07:53:24">
          <properties>
[...]
</properties>
          <testcase classname="controllers.ControllerSpec" name="A Stack must pop values in last-in-first-out order" time="0.06">
                      
                    </testcase>
          <system-out><![CDATA[]]></system-out>
          <system-err><![CDATA[]]></system-err>
        </testsuite>